# Logfile created on Tue Mar 18 15:35:22 -0400 2008  [4;36;1mSQL (0.002069)[0m   [0;1mselect sqlite_version(*)[0m
  [4;35;1mSQL (0.003096)[0m   [0mCREATE TABLE "schema_info" (version integer)[0m
  [4;36;1mSQL (0.002386)[0m   [0;1mINSERT INTO "schema_info" (version) VALUES(0)[0m
  [4;35;1mSQL (0.000000)[0m   [0mSQLite3::SQLException: table "schema_info" already exists: CREATE TABLE "schema_info" (version integer)[0m
  [4;36;1mSQL (0.000282)[0m   [0;1mSELECT version FROM schema_info[0m
Migrating to CreateTasks (1)
  [4;35;1mSQL (0.000257)[0m   [0m SELECT name
 FROM sqlite_master
 WHERE type = 'table' AND NOT name = 'sqlite_sequence'
[0m
  [4;36;1mSQL (0.002511)[0m   [0;1mCREATE TABLE "tasks" ("id" INTEGER PRIMARY KEY AUTOINCREMENT NOT NULL, "name" varchar(255) DEFAULT NULL, "body" text DEFAULT NULL, "views" integer DEFAULT NULL, "description" text DEFAULT NULL, "user_id" integer DEFAULT NULL, "created_at" datetime DEFAULT NULL, "updated_at" datetime DEFAULT NULL) [0m
  [4;35;1mSQL (0.002372)[0m   [0mUPDATE schema_info SET version = 1[0m
  [4;36;1mSQL (0.000341)[0m   [0;1mSELECT version FROM schema_info[0m
Migrating to CreateUsers (2)
  [4;35;1mSQL (0.000377)[0m   [0m SELECT name
 FROM sqlite_master
 WHERE type = 'table' AND NOT name = 'sqlite_sequence'
[0m
  [4;36;1mSQL (0.000000)[0m   [0;1mSQLite3::SQLException: no such table: users: DROP TABLE "users"[0m
  [4;35;1mSQL (0.002789)[0m   [0mCREATE TABLE "users" ("id" INTEGER PRIMARY KEY AUTOINCREMENT NOT NULL, "login" varchar(255) DEFAULT NULL, "email" varchar(255) DEFAULT NULL, "crypted_password" varchar(40) DEFAULT NULL, "salt" varchar(40) DEFAULT NULL, "created_at" datetime DEFAULT NULL, "updated_at" datetime DEFAULT NULL, "remember_token" varchar(255) DEFAULT NULL, "remember_token_expires_at" datetime DEFAULT NULL) [0m
  [4;36;1mSQL (0.002170)[0m   [0;1mUPDATE schema_info SET version = 2[0m
  [4;35;1mSQL (0.000370)[0m   [0mSELECT * FROM schema_info[0m
  [4;36;1mSQL (0.000391)[0m   [0;1m SELECT name
 FROM sqlite_master
 WHERE type = 'table' AND NOT name = 'sqlite_sequence'
[0m
  [4;36;1mSQL (0.000357)[0m   [0;1mselect sqlite_version(*)[0m
  [4;35;1mSQL (0.003573)[0m   [0mCREATE TABLE "schema_info" (version integer)[0m
  [4;36;1mSQL (0.002033)[0m   [0;1mINSERT INTO "schema_info" (version) VALUES(0)[0m
  [4;35;1mSQL (0.000000)[0m   [0mSQLite3::SQLException: table "schema_info" already exists: CREATE TABLE "schema_info" (version integer)[0m
  [4;36;1mSQL (0.000278)[0m   [0;1mSELECT version FROM schema_info[0m
Migrating to CreateTasks (1)
  [4;35;1mSQL (0.000246)[0m   [0m SELECT name
 FROM sqlite_master
 WHERE type = 'table' AND NOT name = 'sqlite_sequence'
[0m
  [4;36;1mSQL (0.002388)[0m   [0;1mCREATE TABLE "tasks" ("id" INTEGER PRIMARY KEY AUTOINCREMENT NOT NULL, "name" varchar(255) DEFAULT NULL, "body" text DEFAULT NULL, "views" integer DEFAULT NULL, "description" text DEFAULT NULL, "user_id" integer DEFAULT NULL, "created_at" datetime DEFAULT NULL, "updated_at" datetime DEFAULT NULL) [0m
  [4;35;1mSQL (0.002153)[0m   [0mUPDATE schema_info SET version = 1[0m
  [4;36;1mSQL (0.000358)[0m   [0;1mSELECT version FROM schema_info[0m
Migrating to CreateUsers (2)
  [4;35;1mSQL (0.000332)[0m   [0m SELECT name
 FROM sqlite_master
 WHERE type = 'table' AND NOT name = 'sqlite_sequence'
[0m
  [4;36;1mSQL (0.000000)[0m   [0;1mSQLite3::SQLException: no such table: users: DROP TABLE "users"[0m
  [4;35;1mSQL (0.002971)[0m   [0mCREATE TABLE "users" ("id" INTEGER PRIMARY KEY AUTOINCREMENT NOT NULL, "login" varchar(255) DEFAULT NULL, "email" varchar(255) DEFAULT NULL, "crypted_password" varchar(40) DEFAULT NULL, "salt" varchar(40) DEFAULT NULL, "created_at" datetime DEFAULT NULL, "updated_at" datetime DEFAULT NULL, "remember_token" varchar(255) DEFAULT NULL, "remember_token_expires_at" datetime DEFAULT NULL) [0m
  [4;36;1mSQL (0.001925)[0m   [0;1mUPDATE schema_info SET version = 2[0m
  [4;35;1mSQL (0.000318)[0m   [0mSELECT * FROM schema_info[0m
  [4;36;1mSQL (0.000347)[0m   [0;1m SELECT name
 FROM sqlite_master
 WHERE type = 'table' AND NOT name = 'sqlite_sequence'
[0m
  [4;36;1mSQL (0.000372)[0m   [0;1mselect sqlite_version(*)[0m
  [4;35;1mSQL (0.000000)[0m   [0mSQLite3::SQLException: table "schema_info" already exists: CREATE TABLE "schema_info" (version integer)[0m
  [4;36;1mSQL (0.000000)[0m   [0;1mSQLite3::SQLException: table "schema_info" already exists: CREATE TABLE "schema_info" (version integer)[0m
  [4;35;1mSQL (0.000230)[0m   [0mSELECT version FROM schema_info[0m
  [4;36;1mSQL (0.000173)[0m   [0;1mSELECT version FROM schema_info[0m
  [4;35;1mSQL (0.000228)[0m   [0mSELECT * FROM schema_info[0m
  [4;36;1mSQL (0.000289)[0m   [0;1m SELECT name
 FROM sqlite_master
 WHERE type = 'table' AND NOT name = 'sqlite_sequence'
[0m
  [4;36;1mSQL (0.000345)[0m   [0;1mselect sqlite_version(*)[0m
  [4;35;1mSQL (0.003367)[0m   [0mCREATE TABLE "schema_info" (version integer)[0m
  [4;36;1mSQL (0.001968)[0m   [0;1mINSERT INTO "schema_info" (version) VALUES(0)[0m
  [4;35;1mSQL (0.000000)[0m   [0mSQLite3::SQLException: table "schema_info" already exists: CREATE TABLE "schema_info" (version integer)[0m
  [4;36;1mSQL (0.000272)[0m   [0;1mSELECT version FROM schema_info[0m
Migrating to CreateTasks (1)
  [4;35;1mSQL (0.000252)[0m   [0m SELECT name
 FROM sqlite_master
 WHERE type = 'table' AND NOT name = 'sqlite_sequence'
[0m
  [4;36;1mSQL (0.002172)[0m   [0;1mCREATE TABLE "tasks" ("id" INTEGER PRIMARY KEY AUTOINCREMENT NOT NULL, "name" varchar(255) DEFAULT NULL, "body" text DEFAULT NULL, "views" integer DEFAULT NULL, "description" text DEFAULT NULL, "user_id" integer DEFAULT NULL, "created_at" datetime DEFAULT NULL, "updated_at" datetime DEFAULT NULL) [0m
  [4;35;1mSQL (0.002304)[0m   [0mUPDATE schema_info SET version = 1[0m
  [4;36;1mSQL (0.000367)[0m   [0;1mSELECT * FROM schema_info[0m
  [4;35;1mSQL (0.000312)[0m   [0m SELECT name
 FROM sqlite_master
 WHERE type = 'table' AND NOT name = 'sqlite_sequence'
[0m
  [4;36;1mSQL (0.000337)[0m   [0;1mselect sqlite_version(*)[0m
  [4;35;1mSQL (0.000000)[0m   [0mSQLite3::SQLException: table "schema_info" already exists: CREATE TABLE "schema_info" (version integer)[0m
  [4;36;1mSQL (0.000000)[0m   [0;1mSQLite3::SQLException: table "schema_info" already exists: CREATE TABLE "schema_info" (version integer)[0m
  [4;35;1mSQL (0.000199)[0m   [0mSELECT version FROM schema_info[0m
  [4;36;1mSQL (0.000207)[0m   [0;1mSELECT * FROM schema_info[0m
  [4;35;1mSQL (0.000254)[0m   [0m SELECT name
 FROM sqlite_master
 WHERE type = 'table' AND NOT name = 'sqlite_sequence'
[0m
  [4;36;1mSQL (0.000418)[0m   [0;1mselect sqlite_version(*)[0m
  [4;35;1mSQL (0.003479)[0m   [0mCREATE TABLE "schema_info" (version integer)[0m
  [4;36;1mSQL (0.002005)[0m   [0;1mINSERT INTO "schema_info" (version) VALUES(0)[0m
  [4;35;1mSQL (0.000000)[0m   [0mSQLite3::SQLException: table "schema_info" already exists: CREATE TABLE "schema_info" (version integer)[0m
  [4;36;1mSQL (0.000273)[0m   [0;1mSELECT version FROM schema_info[0m
Migrating to CreateTasks (1)
  [4;35;1mSQL (0.000239)[0m   [0m SELECT name
 FROM sqlite_master
 WHERE type = 'table' AND NOT name = 'sqlite_sequence'
[0m
  [4;36;1mSQL (0.002420)[0m   [0;1mCREATE TABLE "tasks" ("id" INTEGER PRIMARY KEY AUTOINCREMENT NOT NULL, "name" varchar(255) DEFAULT NULL, "body" text DEFAULT NULL, "views" integer DEFAULT NULL, "description" text DEFAULT NULL, "user_id" integer DEFAULT NULL, "created_at" datetime DEFAULT NULL, "updated_at" datetime DEFAULT NULL) [0m
  [4;35;1mSQL (0.003700)[0m   [0mUPDATE schema_info SET version = 1[0m
  [4;36;1mSQL (0.000353)[0m   [0;1mSELECT * FROM schema_info[0m
  [4;35;1mSQL (0.000294)[0m   [0m SELECT name
 FROM sqlite_master
 WHERE type = 'table' AND NOT name = 'sqlite_sequence'
[0m
  [4;36;1mSQL (0.000434)[0m   [0;1mselect sqlite_version(*)[0m
  [4;35;1mSQL (0.003277)[0m   [0mCREATE TABLE "schema_info" (version integer)[0m
  [4;36;1mSQL (0.001711)[0m   [0;1mINSERT INTO "schema_info" (version) VALUES(0)[0m
  [4;35;1mSQL (0.000000)[0m   [0mSQLite3::SQLException: table "schema_info" already exists: CREATE TABLE "schema_info" (version integer)[0m
  [4;36;1mSQL (0.000268)[0m   [0;1mSELECT version FROM schema_info[0m
Migrating to CreateTasks (1)
  [4;35;1mSQL (0.000227)[0m   [0m SELECT name
 FROM sqlite_master
 WHERE type = 'table' AND NOT name = 'sqlite_sequence'
[0m
  [4;36;1mSQL (0.002146)[0m   [0;1mCREATE TABLE "tasks" ("id" INTEGER PRIMARY KEY AUTOINCREMENT NOT NULL, "name" varchar(255) DEFAULT NULL, "body" text DEFAULT NULL, "views" integer DEFAULT NULL, "description" text DEFAULT NULL, "user_id" integer DEFAULT NULL, "created_at" datetime DEFAULT NULL, "updated_at" datetime DEFAULT NULL) [0m
  [4;35;1mSQL (0.001868)[0m   [0mUPDATE schema_info SET version = 1[0m
  [4;36;1mSQL (0.000471)[0m   [0;1mSELECT * FROM schema_info[0m
  [4;35;1mSQL (0.000296)[0m   [0m SELECT name
 FROM sqlite_master
 WHERE type = 'table' AND NOT name = 'sqlite_sequence'
[0m
WARNING: You're using the Ruby-based MySQL library that ships with Rails. This library is not suited for production. Please install the C-based MySQL library instead (gem install mysql).
  [4;36;1mSQL (0.000114)[0m   [0;1mSET NAMES 'utf8'[0m
  [4;35;1mSQL (0.000110)[0m   [0mSET SQL_AUTO_IS_NULL=0[0m
  [4;36;1mSQL (0.000446)[0m   [0;1mCREATE DATABASE `sakerb_development` DEFAULT CHARACTER SET `utf8` COLLATE `utf8_general_ci`[0m
  [4;35;1mSQL (0.000103)[0m   [0mSET NAMES 'utf8'[0m
  [4;36;1mSQL (0.000082)[0m   [0;1mSET SQL_AUTO_IS_NULL=0[0m
  [4;35;1mSQL (0.001927)[0m   [0mCREATE TABLE `schema_info` (version int(11))[0m
  [4;36;1mSQL (0.000632)[0m   [0;1mINSERT INTO `schema_info` (version) VALUES(0)[0m
  [4;35;1mSQL (0.000000)[0m   [0mMysql::Error: #42S01Table 'schema_info' already exists: CREATE TABLE `schema_info` (version int(11))[0m
  [4;36;1mSQL (0.000342)[0m   [0;1mSELECT version FROM schema_info[0m
Migrating to CreateTasks (1)
  [4;35;1mSQL (0.000537)[0m   [0mSHOW TABLES[0m
  [4;36;1mSQL (0.003492)[0m   [0;1mCREATE TABLE `tasks` (`id` int(11) DEFAULT NULL auto_increment PRIMARY KEY, `name` varchar(255) DEFAULT NULL, `body` text DEFAULT NULL, `views` int(11) DEFAULT NULL, `description` text DEFAULT NULL, `user_id` int(11) DEFAULT NULL, `created_at` datetime DEFAULT NULL, `updated_at` datetime DEFAULT NULL) ENGINE=InnoDB[0m
  [4;35;1mSQL (0.000441)[0m   [0mUPDATE schema_info SET version = 1[0m
  [4;36;1mSQL (0.000455)[0m   [0;1mSELECT * FROM schema_info[0m
  [4;35;1mSQL (0.000558)[0m   [0mSHOW TABLES[0m
  [4;36;1mSQL (0.003304)[0m   [0;1mSHOW FIELDS FROM `tasks`[0m
  [4;35;1mSQL (0.002561)[0m   [0mdescribe `tasks`[0m
  [4;36;1mSQL (0.000978)[0m   [0;1mSHOW KEYS FROM `tasks`[0m
WARNING: You're using the Ruby-based MySQL library that ships with Rails. This library is not suited for production. Please install the C-based MySQL library instead (gem install mysql).
  [4;36;1mSQL (0.000111)[0m   [0;1mSET NAMES 'utf8'[0m
  [4;35;1mSQL (0.000088)[0m   [0mSET SQL_AUTO_IS_NULL=0[0m
  [4;36;1mSQL (0.004032)[0m   [0;1mDROP DATABASE IF EXISTS `sakerb_development`[0m
  [4;35;1mSQL (0.000107)[0m   [0mSET NAMES 'utf8'[0m
  [4;36;1mSQL (0.000083)[0m   [0;1mSET SQL_AUTO_IS_NULL=0[0m
  [4;35;1mSQL (0.000396)[0m   [0mCREATE DATABASE `sakerb_development` DEFAULT CHARACTER SET `utf8` COLLATE `utf8_general_ci`[0m
  [4;36;1mSQL (0.000094)[0m   [0;1mSET NAMES 'utf8'[0m
  [4;35;1mSQL (0.000079)[0m   [0mSET SQL_AUTO_IS_NULL=0[0m
  [4;36;1mSQL (0.001992)[0m   [0;1mCREATE TABLE `schema_info` (version int(11))[0m
  [4;35;1mSQL (0.000631)[0m   [0mINSERT INTO `schema_info` (version) VALUES(0)[0m
  [4;36;1mSQL (0.000000)[0m   [0;1mMysql::Error: #42S01Table 'schema_info' already exists: CREATE TABLE `schema_info` (version int(11))[0m
  [4;35;1mSQL (0.000398)[0m   [0mSELECT version FROM schema_info[0m
Migrating to CreateTasks (1)
  [4;36;1mSQL (0.000502)[0m   [0;1mSHOW TABLES[0m
  [4;35;1mSQL (0.002707)[0m   [0mCREATE TABLE `tasks` (`id` int(11) DEFAULT NULL auto_increment PRIMARY KEY, `name` varchar(255) DEFAULT NULL, `body` text DEFAULT NULL, `views` int(11) DEFAULT NULL, `description` text DEFAULT NULL, `user_id` int(11) DEFAULT NULL, `created_at` datetime DEFAULT NULL, `updated_at` datetime DEFAULT NULL) ENGINE=InnoDB[0m
  [4;36;1mSQL (0.000378)[0m   [0;1mUPDATE schema_info SET version = 1[0m
  [4;35;1mSQL (0.000377)[0m   [0mSELECT version FROM schema_info[0m
Migrating to CreateUsers (2)
  [4;36;1mSQL (0.000651)[0m   [0;1mSHOW TABLES[0m
  [4;35;1mSQL (0.000000)[0m   [0mMysql::Error: #42S02Unknown table 'users': DROP TABLE `users`[0m
  [4;36;1mSQL (0.003065)[0m   [0;1mCREATE TABLE `users` (`id` int(11) DEFAULT NULL auto_increment PRIMARY KEY, `login` varchar(255) DEFAULT NULL, `email` varchar(255) DEFAULT NULL, `crypted_password` varchar(40) DEFAULT NULL, `salt` varchar(40) DEFAULT NULL, `created_at` datetime DEFAULT NULL, `updated_at` datetime DEFAULT NULL, `remember_token` varchar(255) DEFAULT NULL, `remember_token_expires_at` datetime DEFAULT NULL) ENGINE=InnoDB[0m
  [4;35;1mSQL (0.000373)[0m   [0mUPDATE schema_info SET version = 2[0m
  [4;36;1mSQL (0.000675)[0m   [0;1mSELECT * FROM schema_info[0m
  [4;35;1mSQL (0.000659)[0m   [0mSHOW TABLES[0m
  [4;36;1mSQL (0.002937)[0m   [0;1mSHOW FIELDS FROM `tasks`[0m
  [4;35;1mSQL (0.002832)[0m   [0mdescribe `tasks`[0m
  [4;36;1mSQL (0.001168)[0m   [0;1mSHOW KEYS FROM `tasks`[0m
  [4;35;1mSQL (0.003125)[0m   [0mSHOW FIELDS FROM `users`[0m
  [4;36;1mSQL (0.003002)[0m   [0;1mdescribe `users`[0m
  [4;35;1mSQL (0.001138)[0m   [0mSHOW KEYS FROM `users`[0m
WARNING: You're using the Ruby-based MySQL library that ships with Rails. This library is not suited for production. Please install the C-based MySQL library instead (gem install mysql).
  [4;36;1mSQL (0.000114)[0m   [0;1mSET NAMES 'utf8'[0m
  [4;35;1mSQL (0.000104)[0m   [0mSET SQL_AUTO_IS_NULL=0[0m
  [4;36;1mSQL (0.006093)[0m   [0;1mDROP DATABASE IF EXISTS `sakerb_development`[0m
  [4;35;1mSQL (0.000128)[0m   [0mSET NAMES 'utf8'[0m
  [4;36;1mSQL (0.000126)[0m   [0;1mSET SQL_AUTO_IS_NULL=0[0m
  [4;35;1mSQL (0.000448)[0m   [0mCREATE DATABASE `sakerb_development` DEFAULT CHARACTER SET `utf8` COLLATE `utf8_general_ci`[0m
  [4;36;1mSQL (0.000100)[0m   [0;1mSET NAMES 'utf8'[0m
  [4;35;1mSQL (0.000086)[0m   [0mSET SQL_AUTO_IS_NULL=0[0m
  [4;36;1mSQL (0.001944)[0m   [0;1mCREATE TABLE `schema_info` (version int(11))[0m
  [4;35;1mSQL (0.000604)[0m   [0mINSERT INTO `schema_info` (version) VALUES(0)[0m
  [4;36;1mSQL (0.000000)[0m   [0;1mMysql::Error: #42S01Table 'schema_info' already exists: CREATE TABLE `schema_info` (version int(11))[0m
  [4;35;1mSQL (0.000337)[0m   [0mSELECT version FROM schema_info[0m
Migrating to CreateTasks (1)
  [4;36;1mSQL (0.000506)[0m   [0;1mSHOW TABLES[0m
  [4;35;1mSQL (0.002810)[0m   [0mCREATE TABLE `tasks` (`id` int(11) DEFAULT NULL auto_increment PRIMARY KEY, `name` varchar(255) DEFAULT NULL, `body` text DEFAULT NULL, `views` int(11) DEFAULT NULL, `description` text DEFAULT NULL, `user_id` int(11) DEFAULT NULL, `approved` tinyint(1) DEFAULT NULL, `created_at` datetime DEFAULT NULL, `updated_at` datetime DEFAULT NULL) ENGINE=InnoDB[0m
  [4;36;1mSQL (0.000385)[0m   [0;1mUPDATE schema_info SET version = 1[0m
  [4;35;1mSQL (0.000380)[0m   [0mSELECT version FROM schema_info[0m
Migrating to CreateUsers (2)
  [4;36;1mSQL (0.000644)[0m   [0;1mSHOW TABLES[0m
  [4;35;1mSQL (0.000000)[0m   [0mMysql::Error: #42S02Unknown table 'users': DROP TABLE `users`[0m
  [4;36;1mSQL (0.002828)[0m   [0;1mCREATE TABLE `users` (`id` int(11) DEFAULT NULL auto_increment PRIMARY KEY, `login` varchar(255) DEFAULT NULL, `email` varchar(255) DEFAULT NULL, `crypted_password` varchar(40) DEFAULT NULL, `salt` varchar(40) DEFAULT NULL, `created_at` datetime DEFAULT NULL, `updated_at` datetime DEFAULT NULL, `remember_token` varchar(255) DEFAULT NULL, `remember_token_expires_at` datetime DEFAULT NULL) ENGINE=InnoDB[0m
  [4;35;1mSQL (0.000411)[0m   [0mUPDATE schema_info SET version = 2[0m
  [4;36;1mSQL (0.000566)[0m   [0;1mSELECT * FROM schema_info[0m
  [4;35;1mSQL (0.000624)[0m   [0mSHOW TABLES[0m
  [4;36;1mSQL (0.003457)[0m   [0;1mSHOW FIELDS FROM `tasks`[0m
  [4;35;1mSQL (0.002536)[0m   [0mdescribe `tasks`[0m
  [4;36;1mSQL (0.000980)[0m   [0;1mSHOW KEYS FROM `tasks`[0m
  [4;35;1mSQL (0.002970)[0m   [0mSHOW FIELDS FROM `users`[0m
  [4;36;1mSQL (0.002872)[0m   [0;1mdescribe `users`[0m
  [4;35;1mSQL (0.001170)[0m   [0mSHOW KEYS FROM `users`[0m
